[debug] [2023-09-27T07:34:14.946Z] ----------------------------------------------------------------------
[debug] [2023-09-27T07:34:14.950Z] Command:       C:\Program Files\nodejs\node.exe C:\Users\asus\AppData\Roaming\npm\node_modules\firebase-tools\lib\bin\firebase.js init
[debug] [2023-09-27T07:34:14.950Z] CLI Version:   12.6.0
[debug] [2023-09-27T07:34:14.951Z] Platform:      win32
[debug] [2023-09-27T07:34:14.951Z] Node Version:  v18.16.1
[debug] [2023-09-27T07:34:14.962Z] Time:          Wed Sep 27 2023 14:34:14 GMT+0700 (Indochina Time)
[debug] [2023-09-27T07:34:14.963Z] ----------------------------------------------------------------------
[debug] 
[debug] [2023-09-27T07:34:15.079Z] > command requires scopes: ["email","openid","https://www.googleapis.com/auth/cloudplatformprojects.readonly","https://www.googleapis.com/auth/firebase","https://www.googleapis.com/auth/cloud-platform"]
[debug] [2023-09-27T07:34:15.080Z] > authorizing via signed-in user (paphonthanainoname@gmail.com)
[info] 
     ######## #### ########  ######## ########     ###     ######  ########
     ##        ##  ##     ## ##       ##     ##  ##   ##  ##       ##
     ######    ##  ########  ######   ########  #########  ######  ######
     ##        ##  ##    ##  ##       ##     ## ##     ##       ## ##
     ##       #### ##     ## ######## ########  ##     ##  ######  ########

You're about to initialize a Firebase project in this directory:

  C:\Users\asus\Desktop\App Work01\my-work-01

Before we get started, keep in mind:

  * You are initializing within an existing Firebase project directory

